<?xml version="1.0" encoding="UTF-8"?>
<!-- Generated by org.testng.reporters.JUnitReportReporter -->
<testsuite hostname="Harsh" failures="0" tests="1" name="serialAndParallelExecution.MyTest1" time="9.422" errors="0" timestamp="2022-11-20T19:43:04 IST" skipped="0">
  <testcase classname="serialAndParallelExecution.MyTest1" name="paytm" time="9.422"/>
  <system-out/>
</testsuite> <!-- serialAndParallelExecution.MyTest1 -->
