<?xml version="1.0" encoding="UTF-8"?>
<!-- Generated by org.testng.reporters.JUnitReportReporter -->
<testsuite hostname="Harsh" failures="0" tests="1" name="testNgXML.Testing1" time="0.009" errors="0" timestamp="2022-11-18T21:19:23 IST" skipped="0">
  <testcase classname="testNgXML.Testing1" name="B" time="0.009"/>
  <system-out>
    <![CDATA[B method is running]]>
  </system-out>
</testsuite> <!-- testNgXML.Testing1 -->
