<?xml version="1.0" encoding="UTF-8"?>
<!-- Generated by org.testng.reporters.JUnitReportReporter -->
<testsuite hostname="Harsh" failures="0" tests="1" name="testNGStudy.TestNGAnnotations" time="0.010" errors="0" timestamp="2022-11-16T23:07:36 IST" skipped="0">
  <testcase classname="testNGStudy.TestNGAnnotations" name="myTest" time="0.010"/>
  <system-out>
    <![CDATA[This is My Test]]>
  </system-out>
</testsuite> <!-- testNGStudy.TestNGAnnotations -->
