<?xml version="1.0" encoding="UTF-8"?>
<!-- Generated by org.testng.reporters.JUnitReportReporter -->
<testsuite hostname="Harsh" failures="0" tests="4" name="testNGKeyWords.priority" time="0.026" errors="0" timestamp="2022-11-16T23:17:14 IST" skipped="0">
  <testcase classname="testNGKeyWords.priority" name="D" time="0.011"/>
  <system-out>
    <![CDATA[D method is running]]>
  </system-out>
  <testcase classname="testNGKeyWords.priority" name="A" time="0.003"/>
  <system-out>
    <![CDATA[A method is running]]>
  </system-out>
  <testcase classname="testNGKeyWords.priority" name="B" time="0.006"/>
  <system-out>
    <![CDATA[B method is running]]>
  </system-out>
  <testcase classname="testNGKeyWords.priority" name="C" time="0.006"/>
  <system-out>
    <![CDATA[C method is running]]>
  </system-out>
</testsuite> <!-- testNGKeyWords.priority -->
