<?xml version="1.0" encoding="UTF-8"?>
<!-- Generated by org.testng.reporters.JUnitReportReporter -->
<testsuite hostname="Harsh" failures="0" tests="1" name="testNGStudy.test1" time="0.016" errors="0" timestamp="2022-11-08T09:03:35 IST" skipped="0">
  <testcase classname="testNGStudy.test1" name="A" time="0.016"/>
  <system-out>
    <![CDATA[Test a is Passed True]]>
  </system-out>
</testsuite> <!-- testNGStudy.test1 -->
