<?xml version="1.0" encoding="UTF-8"?>
<!-- Generated by org.testng.reporters.JUnitReportReporter -->
<testsuite hostname="Harsh" failures="0" tests="1" name="testNGStudy.ValidateUserID" time="0.009" errors="0" timestamp="2022-11-16T19:31:29 IST" skipped="0">
  <testcase classname="testNGStudy.ValidateUserID" name="validateUpStoxUserID" time="0.009"/>
  <system-out>
    <![CDATA[User ID validated]]>
  </system-out>
</testsuite> <!-- testNGStudy.ValidateUserID -->
