<?xml version="1.0" encoding="UTF-8"?>
<!-- Generated by org.testng.reporters.JUnitReportReporter -->
<testsuite hostname="Harsh" failures="0" tests="1" name="verificationUsingTestNG.AssertTrue" time="0.010" errors="0" timestamp="2022-11-21T03:49:30 IST" skipped="0">
  <testcase classname="verificationUsingTestNG.AssertTrue" name="Testing" time="0.010"/>
  <system-out/>
</testsuite> <!-- verificationUsingTestNG.AssertTrue -->
