<?xml version="1.0" encoding="UTF-8"?>
<!-- Generated by org.testng.reporters.JUnitReportReporter -->
<testsuite hostname="Harsh" failures="0" tests="5" name="testNGKeyWords.InvocationCount" time="0.026" errors="0" timestamp="2022-11-16T23:12:44 IST" skipped="0">
  <testcase classname="testNGKeyWords.InvocationCount" name="myMethod" time="0.005"/>
  <system-out>
    <![CDATA[My method is running]]>
  </system-out>
  <testcase classname="testNGKeyWords.InvocationCount" name="myMethod" time="0.003"/>
  <system-out>
    <![CDATA[My method is running]]>
  </system-out>
  <testcase classname="testNGKeyWords.InvocationCount" name="myMethod" time="0.012"/>
  <system-out>
    <![CDATA[My method is running]]>
  </system-out>
  <testcase classname="testNGKeyWords.InvocationCount" name="myMethod" time="0.004"/>
  <system-out>
    <![CDATA[My method is running]]>
  </system-out>
  <testcase classname="testNGKeyWords.InvocationCount" name="myMethod" time="0.002"/>
  <system-out>
    <![CDATA[My method is running]]>
  </system-out>
</testsuite> <!-- testNGKeyWords.InvocationCount -->
