<?xml version="1.0" encoding="UTF-8"?>
<!-- Generated by org.testng.reporters.JUnitReportReporter -->
<testsuite hostname="Harsh" failures="0" tests="2" name="testNGStudy.MyTestClass" time="8.958" errors="0" timestamp="2022-11-08T08:52:02 IST" skipped="0">
  <testcase classname="testNGStudy.MyTestClass" name="zerodhaLogin" time="3.627"/>
  <system-out/>
  <testcase classname="testNGStudy.MyTestClass" name="upStoxLogin" time="5.331"/>
  <system-out/>
</testsuite> <!-- testNGStudy.MyTestClass -->
