<?xml version="1.0" encoding="UTF-8"?>
<!-- Generated by org.testng.reporters.JUnitReportReporter -->
<testsuite hostname="Harsh" failures="0" tests="1" name="verificationUsingTestNG.Testing" time="101.901" errors="0" timestamp="2022-11-20T20:02:04 IST" skipped="0">
  <testcase classname="verificationUsingTestNG.Testing" name="verifyCheckBoxStatus" time="101.901"/>
  <system-out/>
</testsuite> <!-- verificationUsingTestNG.Testing -->
