<?xml version="1.0" encoding="UTF-8"?>
<!-- Generated by org.testng.reporters.JUnitReportReporter -->
<testsuite hostname="Harsh" failures="0" tests="2" name="testNgXML.Testing2" time="0.006" errors="0" timestamp="2022-11-18T21:19:23 IST" skipped="0">
  <testcase classname="testNgXML.Testing2" name="H" time="0.004"/>
  <system-out>
    <![CDATA[H method is running]]>
  </system-out>
  <testcase classname="testNgXML.Testing2" name="F" time="0.002"/>
  <system-out>
    <![CDATA[F method is running]]>
  </system-out>
</testsuite> <!-- testNgXML.Testing2 -->
