<?xml version="1.0" encoding="UTF-8"?>
<!-- Generated by org.testng.reporters.JUnitReportReporter -->
<testsuite hostname="Harsh" failures="0" tests="1" name="serialAndParallelExecution.MyTest2" time="9.012" errors="0" timestamp="2022-11-20T19:43:04 IST" skipped="0">
  <testcase classname="serialAndParallelExecution.MyTest2" name="google" time="9.012"/>
  <system-out/>
</testsuite> <!-- serialAndParallelExecution.MyTest2 -->
