<?xml version="1.0" encoding="UTF-8"?>
<!-- Generated by org.testng.reporters.JUnitReportReporter -->
<testsuite hostname="Harsh" failures="0" tests="1" name="verificationUsingTestNG.AssertNull" time="0.014" errors="0" timestamp="2022-11-21T02:58:48 IST" skipped="0">
  <testcase classname="verificationUsingTestNG.AssertNull" name="testing" time="0.014"/>
  <system-out/>
</testsuite> <!-- verificationUsingTestNG.AssertNull -->
