<?xml version="1.0" encoding="UTF-8"?>
<!-- Generated by org.testng.reporters.JUnitReportReporter -->
<testsuite hostname="Harsh" failures="0" tests="4" name="testNGKeyWords.Enabled" time="0.019" errors="0" timestamp="2022-11-16T23:20:42 IST" skipped="1">
  <testcase classname="testNGKeyWords.Enabled" name="A" time="0.012"/>
  <system-out>
    <![CDATA[A method is running]]>
  </system-out>
  <testcase classname="testNGKeyWords.Enabled" name="C" time="0.001"/>
  <system-out>
    <![CDATA[C method is running]]>
  </system-out>
  <testcase classname="testNGKeyWords.Enabled" name="D" time="0.006"/>
  <system-out>
    <![CDATA[D method is running]]>
  </system-out>
  <testcase classname="testNGKeyWords.Enabled" name="B">
    <skipped/>
  </testcase> <!-- B -->
  <system-out/>
</testsuite> <!-- testNGKeyWords.Enabled -->
